cmudict-en-us.dict
en-us-5.2/README
en-us-5.2/feat.params
en-us-5.2/feature_transform
en-us-5.2/mdef
en-us-5.2/means
en-us-5.2/mixture_weights
en-us-5.2/noisedict
en-us-5.2/transition_matrices
en-us-5.2/variances
en-us-ptm-5.2/README
en-us-ptm-5.2/feat.params
en-us-ptm-5.2/mdef
en-us-ptm-5.2/means
en-us-ptm-5.2/mixture_weights
en-us-ptm-5.2/noisedict
en-us-ptm-5.2/sendump
en-us-ptm-5.2/transition_matrices
en-us-ptm-5.2/variances
en-us-ptm/README
en-us-ptm/feat.params
en-us-ptm/mdef
en-us-ptm/means
en-us-ptm/noisedict
en-us-ptm/sendump
en-us-ptm/transition_matrices
en-us-ptm/variances